[DEBUG] - [26-07-2025 18:41:33] [main] [org.testng.TestNG] - suiteXmlPath: "D:\FinalProjectAutomation - Copy - Copy\testngOne.xml"
[INFO] - [26-07-2025 18:41:34] [main] [org.testng.internal.Utils] - [Utils] MethodGroupsHelper.collectMethodsByGroup() took 21 ms.
[INFO] - [26-07-2025 18:41:34] [main] [org.testng.internal.Utils] - [Utils] MethodGroupsHelper.sortMethods() took 13 ms.
[INFO] - [26-07-2025 18:41:34] [main] [org.testng.internal.Utils] - [Utils] MethodGroupsHelper.collectMethodsByGroup() took 0 ms.
[INFO] - [26-07-2025 18:41:34] [main] [org.testng.internal.Utils] - [Utils] MethodGroupsHelper.sortMethods() took 0 ms.
[INFO] - [26-07-2025 18:41:34] [main] [org.testng.internal.Utils] - [Utils] MethodGroupsHelper.collectMethodsByGroup() took 0 ms.
[INFO] - [26-07-2025 18:41:34] [main] [org.testng.internal.Utils] - [Utils] MethodGroupsHelper.sortMethods() took 0 ms.
[INFO] - [26-07-2025 18:41:34] [main] [org.testng.internal.Utils] - [Utils] MethodGroupsHelper.collectMethodsByGroup() took 0 ms.
[INFO] - [26-07-2025 18:41:34] [main] [org.testng.internal.Utils] - [Utils] MethodGroupsHelper.sortMethods() took 0 ms.
[INFO] - [26-07-2025 18:41:34] [main] [org.testng.internal.Utils] - [Utils] MethodGroupsHelper.collectMethodsByGroup() took 0 ms.
[INFO] - [26-07-2025 18:41:34] [main] [org.testng.internal.Utils] - [Utils] MethodGroupsHelper.sortMethods() took 0 ms.
[INFO] - [26-07-2025 18:41:34] [main] [org.testng.internal.Utils] - [Utils] MethodGroupsHelper.collectMethodsByGroup() took 0 ms.
[INFO] - [26-07-2025 18:41:34] [main] [org.testng.internal.Utils] - [Utils] MethodGroupsHelper.sortMethods() took 0 ms.
[INFO] - [26-07-2025 18:41:34] [main] [org.testng.internal.Utils] - [Utils] MethodGroupsHelper.collectMethodsByGroup() took 0 ms.
[INFO] - [26-07-2025 18:41:34] [main] [org.testng.internal.Utils] - [Utils] MethodGroupsHelper.sortMethods() took 0 ms.
[INFO] - [26-07-2025 18:41:34] [main] [org.testng.internal.Utils] - [Utils] MethodGroupsHelper.collectMethodsByGroup() took 0 ms.
[INFO] - [26-07-2025 18:41:34] [main] [org.testng.internal.Utils] - [Utils] MethodGroupsHelper.sortMethods() took 0 ms.
[INFO] - [26-07-2025 18:41:34] [main] [org.testng.internal.Utils] - [Utils] MethodGroupsHelper.collectMethodsByGroup() took 0 ms.
[INFO] - [26-07-2025 18:41:34] [main] [org.testng.internal.Utils] - [Utils] MethodGroupsHelper.sortMethods() took 0 ms.
[INFO] - [26-07-2025 18:41:34] [main] [org.testng.internal.Utils] - [Utils] MethodGroupsHelper.collectMethodsByGroup() took 0 ms.
[INFO] - [26-07-2025 18:41:34] [main] [org.testng.internal.Utils] - [Utils] MethodGroupsHelper.sortMethods() took 0 ms.
[INFO] - [26-07-2025 18:41:34] [main] [org.testng.internal.Utils] - [Utils] MethodGroupsHelper.collectMethodsByGroup() took 0 ms.
[INFO] - [26-07-2025 18:41:34] [main] [org.testng.internal.Utils] - [Utils] MethodGroupsHelper.sortMethods() took 0 ms.
[INFO] - [26-07-2025 18:41:34] [main] [org.testng.internal.Utils] - [Utils] MethodGroupsHelper.collectMethodsByGroup() took 0 ms.
[INFO] - [26-07-2025 18:41:34] [main] [org.testng.internal.Utils] - [Utils] MethodGroupsHelper.sortMethods() took 0 ms.
[INFO] - [26-07-2025 18:41:34] [main] [org.testng.internal.Utils] - [Utils] MethodGroupsHelper.collectMethodsByGroup() took 0 ms.
[INFO] - [26-07-2025 18:41:34] [main] [org.testng.internal.Utils] - [Utils] MethodGroupsHelper.sortMethods() took 0 ms.
[INFO] - [26-07-2025 18:41:34] [main] [org.testng.internal.Utils] - [Utils] MethodGroupsHelper.collectMethodsByGroup() took 0 ms.
[INFO] - [26-07-2025 18:41:34] [main] [org.testng.internal.Utils] - [Utils] MethodGroupsHelper.sortMethods() took 0 ms.
[INFO] - [26-07-2025 18:41:34] [main] [org.testng.internal.Utils] - [Utils] MethodGroupsHelper.collectMethodsByGroup() took 0 ms.
[INFO] - [26-07-2025 18:41:34] [main] [org.testng.internal.Utils] - [Utils] MethodGroupsHelper.sortMethods() took 0 ms.
[INFO] - [26-07-2025 18:41:34] [main] [org.testng.internal.Utils] - [TestNG] Running:
  D:\FinalProjectAutomation - Copy - Copy\testngOne.xml

[INFO] - [26-07-2025 18:41:34] [main] [org.testng.internal.Utils] - [Utils] DynamicGraphHelper.createDynamicGraph() took 5 ms.
[INFO] - [26-07-2025 18:41:37] [main] [drivers.DriverManager] - Driver created on: edge
[ERROR] - [26-07-2025 18:41:38] [main] [io.qameta.allure.util.NamingUtils] - Could not find parameter loacator
[INFO] - [26-07-2025 18:41:38] [main] [utilities.Waits] - Waiting the element to be clickable By.xpath: //*[@id="header"]/div[1]/div[2]/a[1]/span
[INFO] - [26-07-2025 18:41:38] [main] [utilities.Waits] - Waiting the element to be visible By.xpath: //*[@id="header"]/div[1]/div[2]/a[1]/span
[INFO] - [26-07-2025 18:41:38] [main] [utilities.Waits] - Waiting the element to be present By.xpath: //*[@id="header"]/div[1]/div[2]/a[1]/span
[INFO] - [26-07-2025 18:41:38] [main] [utilities.Scrolling] - Scrolling to the element: By.xpath: //*[@id="header"]/div[1]/div[2]/a[1]/span
[INFO] - [26-07-2025 18:41:39] [main] [utilities.ElementsActions] - Clicking on element: By.xpath: //*[@id="header"]/div[1]/div[2]/a[1]/span
[INFO] - [26-07-2025 18:41:39] [main] [utilities.Waits] - Waiting the element to be visible By.id: email
[INFO] - [26-07-2025 18:41:39] [main] [utilities.Waits] - Waiting the element to be present By.id: email
[INFO] - [26-07-2025 18:41:39] [main] [utilities.Scrolling] - Scrolling to the element: By.id: email
[INFO] - [26-07-2025 18:41:39] [main] [utilities.ElementsActions] - Data entered: nike@nike.com' into By.id: email
[INFO] - [26-07-2025 18:41:39] [main] [utilities.Waits] - Waiting the element to be visible By.id: pass
[INFO] - [26-07-2025 18:41:39] [main] [utilities.Waits] - Waiting the element to be present By.id: pass
[INFO] - [26-07-2025 18:41:39] [main] [utilities.Scrolling] - Scrolling to the element: By.id: pass
[INFO] - [26-07-2025 18:41:39] [main] [utilities.ElementsActions] - Data entered: 147258369' into By.id: pass
[ERROR] - [26-07-2025 18:41:39] [main] [io.qameta.allure.util.NamingUtils] - Could not find parameter loacator
[INFO] - [26-07-2025 18:41:39] [main] [utilities.Waits] - Waiting the element to be clickable By.id: send2
[INFO] - [26-07-2025 18:41:39] [main] [utilities.Waits] - Waiting the element to be visible By.id: send2
[INFO] - [26-07-2025 18:41:39] [main] [utilities.Waits] - Waiting the element to be present By.id: send2
[INFO] - [26-07-2025 18:41:39] [main] [utilities.Scrolling] - Scrolling to the element: By.id: send2
[INFO] - [26-07-2025 18:41:39] [main] [utilities.ElementsActions] - Clicking on element: By.id: send2
[INFO] - [26-07-2025 18:41:39] [main] [utilities.Waits] - Waiting the element to be visible By.xpath: //*[@id="main-content"]/div/ul/li/ul/li
[INFO] - [26-07-2025 18:41:39] [main] [utilities.Waits] - Waiting the element to be present By.xpath: //*[@id="main-content"]/div/ul/li/ul/li
[INFO] - [26-07-2025 18:41:39] [main] [utilities.Scrolling] - Scrolling to the element: By.xpath: //*[@id="main-content"]/div/ul/li/ul/li
[INFO] - [26-07-2025 18:41:39] [main] [utilities.ElementsActions] - Getting the text from the By.xpath: //*[@id="main-content"]/div/ul/li/ul/li Text: This account is not confirmed. Click here to resend confirmation email.
[INFO] - [26-07-2025 18:41:40] [main] [org.testng.internal.Utils] - [TestNG] Time taken by org.testng.internal.ExitCodeListener@70697478: 0 ms
